The target system is: PlayStation -  - mipsel
The host system is: Linux - 5.19.13-arch1-1 - x86_64
Compiling the C compiler identification source file "CMakeCCompilerId.c" succeeded.
Compiler: /opt/psn00bsdk/bin/mipsel-none-elf-gcc 
Build flags: 
Id flags:  

The output was:
0
/opt/psn00bsdk/bin/../lib/gcc/mipsel-none-elf/11.1.0/../../../../mipsel-none-elf/bin/ld: warning: cannot find entry symbol _start; defaulting to 0000000000400060


Compilation of the C compiler identification source "CMakeCCompilerId.c" produced "a.out"

The C compiler identification is GNU, found in "/home/hkk/Documents/c/ps1/template/build/CMakeFiles/3.24.2/CompilerIdC/a.out"

Compiling the CXX compiler identification source file "CMakeCXXCompilerId.cpp" succeeded.
Compiler: /opt/psn00bsdk/bin/mipsel-none-elf-g++ 
Build flags: 
Id flags: -c 

The output was:
0


Compilation of the CXX compiler identification source "CMakeCXXCompilerId.cpp" produced "CMakeCXXCompilerId.o"

The CXX compiler identification is GNU, found in "/home/hkk/Documents/c/ps1/template/build/CMakeFiles/3.24.2/CompilerIdCXX/CMakeCXXCompilerId.o"

Checking whether the ASM compiler is GNU using "--version" matched "(GNU assembler)|(GCC)|(Free Software Foundation)":
mipsel-none-elf-gcc (GCC) 11.1.0
Copyright (C) 2021 Free Software Foundation, Inc.
This is free software; see the source for copying conditions.  There is NO
warranty; not even for MERCHANTABILITY or FITNESS FOR A PARTICULAR PURPOSE.

Detecting C compiler ABI info compiled with the following output:
Change Dir: /home/hkk/Documents/c/ps1/template/build/CMakeFiles/CMakeTmp

Run Build Command(s):/usr/bin/ninja cmTC_8c643 && [1/2] Building C object CMakeFiles/cmTC_8c643.dir/CMakeCCompilerABI.c.obj
Using built-in specs.
COLLECT_GCC=/opt/psn00bsdk/bin/mipsel-none-elf-gcc
Target: mipsel-none-elf
Configured with: ../gcc-11.1.0/configure --prefix=/home/runner/work/PSn00bSDK/PSn00bSDK/gcc/linux --target=mipsel-none-elf --disable-docs --disable-nls --disable-libada --disable-libssp --disable-libquadmath --disable-libstdc++-v3 --with-float=soft --enable-languages=c,c++ --with-gnu-as --with-gnu-ld
Thread model: single
Supported LTO compression algorithms: zlib
gcc version 11.1.0 (GCC) 
COLLECT_GCC_OPTIONS='-v' '-o' 'CMakeFiles/cmTC_8c643.dir/CMakeCCompilerABI.c.obj' '-c' '-msoft-float' '-dumpdir' 'CMakeFiles/cmTC_8c643.dir/'
 /opt/psn00bsdk/bin/../libexec/gcc/mipsel-none-elf/11.1.0/cc1 -quiet -v -imultilib soft-float -iprefix /opt/psn00bsdk/bin/../lib/gcc/mipsel-none-elf/11.1.0/ /usr/share/cmake/Modules/CMakeCCompilerABI.c -quiet -dumpdir CMakeFiles/cmTC_8c643.dir/ -dumpbase CMakeCCompilerABI.c.c -dumpbase-ext .c -msoft-float -version -o /tmp/ccbVtggW.s
GNU C17 (GCC) version 11.1.0 (mipsel-none-elf)
	compiled by GNU C version 9.3.0, GMP version 6.1.0, MPFR version 3.1.4, MPC version 1.0.3, isl version isl-0.18-GMP

GGC heuristics: --param ggc-min-expand=100 --param ggc-min-heapsize=131072
ignoring nonexistent directory "/opt/psn00bsdk/bin/../lib/gcc/mipsel-none-elf/11.1.0/../../../../mipsel-none-elf/sys-include"
ignoring nonexistent directory "/opt/psn00bsdk/bin/../lib/gcc/mipsel-none-elf/11.1.0/../../../../mipsel-none-elf/include"
ignoring duplicate directory "/opt/psn00bsdk/bin/../lib/gcc/../../lib/gcc/mipsel-none-elf/11.1.0/include"
ignoring duplicate directory "/opt/psn00bsdk/bin/../lib/gcc/../../lib/gcc/mipsel-none-elf/11.1.0/include-fixed"
ignoring nonexistent directory "/opt/psn00bsdk/bin/../lib/gcc/../../lib/gcc/mipsel-none-elf/11.1.0/../../../../mipsel-none-elf/sys-include"
ignoring nonexistent directory "/opt/psn00bsdk/bin/../lib/gcc/../../lib/gcc/mipsel-none-elf/11.1.0/../../../../mipsel-none-elf/include"
#include "..." search starts here:
#include <...> search starts here:
 /opt/psn00bsdk/bin/../lib/gcc/mipsel-none-elf/11.1.0/include
 /opt/psn00bsdk/bin/../lib/gcc/mipsel-none-elf/11.1.0/include-fixed
End of search list.
GNU C17 (GCC) version 11.1.0 (mipsel-none-elf)
	compiled by GNU C version 9.3.0, GMP version 6.1.0, MPFR version 3.1.4, MPC version 1.0.3, isl version isl-0.18-GMP

GGC heuristics: --param ggc-min-expand=100 --param ggc-min-heapsize=131072
Compiler executable checksum: 9ea9aeea02383e1b066e5f57340eaa3a
COLLECT_GCC_OPTIONS='-v' '-o' 'CMakeFiles/cmTC_8c643.dir/CMakeCCompilerABI.c.obj' '-c' '-msoft-float' '-dumpdir' 'CMakeFiles/cmTC_8c643.dir/'
 /opt/psn00bsdk/bin/../lib/gcc/mipsel-none-elf/11.1.0/../../../../mipsel-none-elf/bin/as -v -EL -O1 -mabi=32 -msoft-float -o CMakeFiles/cmTC_8c643.dir/CMakeCCompilerABI.c.obj /tmp/ccbVtggW.s
GNU assembler version 2.36 (mipsel-none-elf) using BFD version (GNU Binutils) 2.36
COMPILER_PATH=/opt/psn00bsdk/bin/../libexec/gcc/mipsel-none-elf/11.1.0/:/opt/psn00bsdk/bin/../libexec/gcc/:/opt/psn00bsdk/bin/../lib/gcc/mipsel-none-elf/11.1.0/../../../../mipsel-none-elf/bin/
LIBRARY_PATH=/opt/psn00bsdk/bin/../lib/gcc/mipsel-none-elf/11.1.0/soft-float/:/opt/psn00bsdk/bin/../lib/gcc/mipsel-none-elf/11.1.0/:/opt/psn00bsdk/bin/../lib/gcc/:/opt/psn00bsdk/bin/../lib/gcc/mipsel-none-elf/11.1.0/../../../../mipsel-none-elf/lib/
COLLECT_GCC_OPTIONS='-v' '-o' 'CMakeFiles/cmTC_8c643.dir/CMakeCCompilerABI.c.obj' '-c' '-msoft-float' '-dumpdir' 'CMakeFiles/cmTC_8c643.dir/CMakeCCompilerABI.c.'
[2/2] Linking C static library libcmTC_8c643.a



Parsed C implicit include dir info from above output: rv=done
  found start of include info
  found start of implicit include info
    add: [/opt/psn00bsdk/bin/../lib/gcc/mipsel-none-elf/11.1.0/include]
    add: [/opt/psn00bsdk/bin/../lib/gcc/mipsel-none-elf/11.1.0/include-fixed]
  end of search list found
  collapse include dir [/opt/psn00bsdk/bin/../lib/gcc/mipsel-none-elf/11.1.0/include] ==> [/opt/psn00bsdk/lib/gcc/mipsel-none-elf/11.1.0/include]
  collapse include dir [/opt/psn00bsdk/bin/../lib/gcc/mipsel-none-elf/11.1.0/include-fixed] ==> [/opt/psn00bsdk/lib/gcc/mipsel-none-elf/11.1.0/include-fixed]
  implicit include dirs: [/opt/psn00bsdk/lib/gcc/mipsel-none-elf/11.1.0/include;/opt/psn00bsdk/lib/gcc/mipsel-none-elf/11.1.0/include-fixed]


Parsed C implicit link information from above output:
  link line regex: [^( *|.*[/\])(mipsel-none-elf-ld|CMAKE_LINK_STARTFILE-NOTFOUND|([^/\]+-)?ld|collect2)[^/\]*( |$)]
  ignore line: [Change Dir: /home/hkk/Documents/c/ps1/template/build/CMakeFiles/CMakeTmp]
  ignore line: []
  ignore line: [Run Build Command(s):/usr/bin/ninja cmTC_8c643 && [1/2] Building C object CMakeFiles/cmTC_8c643.dir/CMakeCCompilerABI.c.obj]
  ignore line: [Using built-in specs.]
  ignore line: [COLLECT_GCC=/opt/psn00bsdk/bin/mipsel-none-elf-gcc]
  ignore line: [Target: mipsel-none-elf]
  ignore line: [Configured with: ../gcc-11.1.0/configure --prefix=/home/runner/work/PSn00bSDK/PSn00bSDK/gcc/linux --target=mipsel-none-elf --disable-docs --disable-nls --disable-libada --disable-libssp --disable-libquadmath --disable-libstdc++-v3 --with-float=soft --enable-languages=c,c++ --with-gnu-as --with-gnu-ld]
  ignore line: [Thread model: single]
  ignore line: [Supported LTO compression algorithms: zlib]
  ignore line: [gcc version 11.1.0 (GCC) ]
  ignore line: [COLLECT_GCC_OPTIONS='-v' '-o' 'CMakeFiles/cmTC_8c643.dir/CMakeCCompilerABI.c.obj' '-c' '-msoft-float' '-dumpdir' 'CMakeFiles/cmTC_8c643.dir/']
  ignore line: [ /opt/psn00bsdk/bin/../libexec/gcc/mipsel-none-elf/11.1.0/cc1 -quiet -v -imultilib soft-float -iprefix /opt/psn00bsdk/bin/../lib/gcc/mipsel-none-elf/11.1.0/ /usr/share/cmake/Modules/CMakeCCompilerABI.c -quiet -dumpdir CMakeFiles/cmTC_8c643.dir/ -dumpbase CMakeCCompilerABI.c.c -dumpbase-ext .c -msoft-float -version -o /tmp/ccbVtggW.s]
  ignore line: [GNU C17 (GCC) version 11.1.0 (mipsel-none-elf)]
  ignore line: [	compiled by GNU C version 9.3.0  GMP version 6.1.0  MPFR version 3.1.4  MPC version 1.0.3  isl version isl-0.18-GMP]
  ignore line: []
  ignore line: [GGC heuristics: --param ggc-min-expand=100 --param ggc-min-heapsize=131072]
  ignore line: [ignoring nonexistent directory "/opt/psn00bsdk/bin/../lib/gcc/mipsel-none-elf/11.1.0/../../../../mipsel-none-elf/sys-include"]
  ignore line: [ignoring nonexistent directory "/opt/psn00bsdk/bin/../lib/gcc/mipsel-none-elf/11.1.0/../../../../mipsel-none-elf/include"]
  ignore line: [ignoring duplicate directory "/opt/psn00bsdk/bin/../lib/gcc/../../lib/gcc/mipsel-none-elf/11.1.0/include"]
  ignore line: [ignoring duplicate directory "/opt/psn00bsdk/bin/../lib/gcc/../../lib/gcc/mipsel-none-elf/11.1.0/include-fixed"]
  ignore line: [ignoring nonexistent directory "/opt/psn00bsdk/bin/../lib/gcc/../../lib/gcc/mipsel-none-elf/11.1.0/../../../../mipsel-none-elf/sys-include"]
  ignore line: [ignoring nonexistent directory "/opt/psn00bsdk/bin/../lib/gcc/../../lib/gcc/mipsel-none-elf/11.1.0/../../../../mipsel-none-elf/include"]
  ignore line: [#include "..." search starts here:]
  ignore line: [#include <...> search starts here:]
  ignore line: [ /opt/psn00bsdk/bin/../lib/gcc/mipsel-none-elf/11.1.0/include]
  ignore line: [ /opt/psn00bsdk/bin/../lib/gcc/mipsel-none-elf/11.1.0/include-fixed]
  ignore line: [End of search list.]
  ignore line: [GNU C17 (GCC) version 11.1.0 (mipsel-none-elf)]
  ignore line: [	compiled by GNU C version 9.3.0  GMP version 6.1.0  MPFR version 3.1.4  MPC version 1.0.3  isl version isl-0.18-GMP]
  ignore line: []
  ignore line: [GGC heuristics: --param ggc-min-expand=100 --param ggc-min-heapsize=131072]
  ignore line: [Compiler executable checksum: 9ea9aeea02383e1b066e5f57340eaa3a]
  ignore line: [COLLECT_GCC_OPTIONS='-v' '-o' 'CMakeFiles/cmTC_8c643.dir/CMakeCCompilerABI.c.obj' '-c' '-msoft-float' '-dumpdir' 'CMakeFiles/cmTC_8c643.dir/']
  ignore line: [ /opt/psn00bsdk/bin/../lib/gcc/mipsel-none-elf/11.1.0/../../../../mipsel-none-elf/bin/as -v -EL -O1 -mabi=32 -msoft-float -o CMakeFiles/cmTC_8c643.dir/CMakeCCompilerABI.c.obj /tmp/ccbVtggW.s]
  ignore line: [GNU assembler version 2.36 (mipsel-none-elf) using BFD version (GNU Binutils) 2.36]
  ignore line: [COMPILER_PATH=/opt/psn00bsdk/bin/../libexec/gcc/mipsel-none-elf/11.1.0/:/opt/psn00bsdk/bin/../libexec/gcc/:/opt/psn00bsdk/bin/../lib/gcc/mipsel-none-elf/11.1.0/../../../../mipsel-none-elf/bin/]
  ignore line: [LIBRARY_PATH=/opt/psn00bsdk/bin/../lib/gcc/mipsel-none-elf/11.1.0/soft-float/:/opt/psn00bsdk/bin/../lib/gcc/mipsel-none-elf/11.1.0/:/opt/psn00bsdk/bin/../lib/gcc/:/opt/psn00bsdk/bin/../lib/gcc/mipsel-none-elf/11.1.0/../../../../mipsel-none-elf/lib/]
  ignore line: [COLLECT_GCC_OPTIONS='-v' '-o' 'CMakeFiles/cmTC_8c643.dir/CMakeCCompilerABI.c.obj' '-c' '-msoft-float' '-dumpdir' 'CMakeFiles/cmTC_8c643.dir/CMakeCCompilerABI.c.']
  ignore line: [[2/2] Linking C static library libcmTC_8c643.a]
  ignore line: []
  ignore line: []
  implicit libs: []
  implicit objs: []
  implicit dirs: []
  implicit fwks: []


Detecting CXX compiler ABI info compiled with the following output:
Change Dir: /home/hkk/Documents/c/ps1/template/build/CMakeFiles/CMakeTmp

Run Build Command(s):/usr/bin/ninja cmTC_e6861 && [1/2] Building CXX object CMakeFiles/cmTC_e6861.dir/CMakeCXXCompilerABI.cpp.obj
Using built-in specs.
COLLECT_GCC=/opt/psn00bsdk/bin/mipsel-none-elf-g++
Target: mipsel-none-elf
Configured with: ../gcc-11.1.0/configure --prefix=/home/runner/work/PSn00bSDK/PSn00bSDK/gcc/linux --target=mipsel-none-elf --disable-docs --disable-nls --disable-libada --disable-libssp --disable-libquadmath --disable-libstdc++-v3 --with-float=soft --enable-languages=c,c++ --with-gnu-as --with-gnu-ld
Thread model: single
Supported LTO compression algorithms: zlib
gcc version 11.1.0 (GCC) 
COLLECT_GCC_OPTIONS='-v' '-o' 'CMakeFiles/cmTC_e6861.dir/CMakeCXXCompilerABI.cpp.obj' '-c' '-msoft-float' '-dumpdir' 'CMakeFiles/cmTC_e6861.dir/'
 /opt/psn00bsdk/bin/../libexec/gcc/mipsel-none-elf/11.1.0/cc1plus -quiet -v -imultilib soft-float -iprefix /opt/psn00bsdk/bin/../lib/gcc/mipsel-none-elf/11.1.0/ /usr/share/cmake/Modules/CMakeCXXCompilerABI.cpp -quiet -dumpdir CMakeFiles/cmTC_e6861.dir/ -dumpbase CMakeCXXCompilerABI.cpp.cpp -dumpbase-ext .cpp -msoft-float -version -o /tmp/ccX9OMiI.s
GNU C++17 (GCC) version 11.1.0 (mipsel-none-elf)
	compiled by GNU C version 9.3.0, GMP version 6.1.0, MPFR version 3.1.4, MPC version 1.0.3, isl version isl-0.18-GMP

GGC heuristics: --param ggc-min-expand=100 --param ggc-min-heapsize=131072
ignoring nonexistent directory "/opt/psn00bsdk/bin/../lib/gcc/mipsel-none-elf/11.1.0/../../../../mipsel-none-elf/include/c++/11.1.0"
ignoring nonexistent directory "/opt/psn00bsdk/bin/../lib/gcc/mipsel-none-elf/11.1.0/../../../../mipsel-none-elf/include/c++/11.1.0/mipsel-none-elf/soft-float"
ignoring nonexistent directory "/opt/psn00bsdk/bin/../lib/gcc/mipsel-none-elf/11.1.0/../../../../mipsel-none-elf/include/c++/11.1.0/backward"
ignoring nonexistent directory "/opt/psn00bsdk/bin/../lib/gcc/mipsel-none-elf/11.1.0/../../../../mipsel-none-elf/sys-include"
ignoring nonexistent directory "/opt/psn00bsdk/bin/../lib/gcc/mipsel-none-elf/11.1.0/../../../../mipsel-none-elf/include"
ignoring nonexistent directory "/opt/psn00bsdk/bin/../lib/gcc/../../lib/gcc/mipsel-none-elf/11.1.0/../../../../mipsel-none-elf/include/c++/11.1.0"
ignoring nonexistent directory "/opt/psn00bsdk/bin/../lib/gcc/../../lib/gcc/mipsel-none-elf/11.1.0/../../../../mipsel-none-elf/include/c++/11.1.0/mipsel-none-elf/soft-float"
ignoring nonexistent directory "/opt/psn00bsdk/bin/../lib/gcc/../../lib/gcc/mipsel-none-elf/11.1.0/../../../../mipsel-none-elf/include/c++/11.1.0/backward"
ignoring duplicate directory "/opt/psn00bsdk/bin/../lib/gcc/../../lib/gcc/mipsel-none-elf/11.1.0/include"
ignoring duplicate directory "/opt/psn00bsdk/bin/../lib/gcc/../../lib/gcc/mipsel-none-elf/11.1.0/include-fixed"
ignoring nonexistent directory "/opt/psn00bsdk/bin/../lib/gcc/../../lib/gcc/mipsel-none-elf/11.1.0/../../../../mipsel-none-elf/sys-include"
ignoring nonexistent directory "/opt/psn00bsdk/bin/../lib/gcc/../../lib/gcc/mipsel-none-elf/11.1.0/../../../../mipsel-none-elf/include"
#include "..." search starts here:
#include <...> search starts here:
 /opt/psn00bsdk/bin/../lib/gcc/mipsel-none-elf/11.1.0/include
 /opt/psn00bsdk/bin/../lib/gcc/mipsel-none-elf/11.1.0/include-fixed
End of search list.
GNU C++17 (GCC) version 11.1.0 (mipsel-none-elf)
	compiled by GNU C version 9.3.0, GMP version 6.1.0, MPFR version 3.1.4, MPC version 1.0.3, isl version isl-0.18-GMP

GGC heuristics: --param ggc-min-expand=100 --param ggc-min-heapsize=131072
Compiler executable checksum: 762a08d4ce9ec943d816892ececadc52
COLLECT_GCC_OPTIONS='-v' '-o' 'CMakeFiles/cmTC_e6861.dir/CMakeCXXCompilerABI.cpp.obj' '-c' '-msoft-float' '-dumpdir' 'CMakeFiles/cmTC_e6861.dir/'
 /opt/psn00bsdk/bin/../lib/gcc/mipsel-none-elf/11.1.0/../../../../mipsel-none-elf/bin/as -v -EL -O1 -mabi=32 -msoft-float -o CMakeFiles/cmTC_e6861.dir/CMakeCXXCompilerABI.cpp.obj /tmp/ccX9OMiI.s
GNU assembler version 2.36 (mipsel-none-elf) using BFD version (GNU Binutils) 2.36
COMPILER_PATH=/opt/psn00bsdk/bin/../libexec/gcc/mipsel-none-elf/11.1.0/:/opt/psn00bsdk/bin/../libexec/gcc/:/opt/psn00bsdk/bin/../lib/gcc/mipsel-none-elf/11.1.0/../../../../mipsel-none-elf/bin/
LIBRARY_PATH=/opt/psn00bsdk/bin/../lib/gcc/mipsel-none-elf/11.1.0/soft-float/:/opt/psn00bsdk/bin/../lib/gcc/mipsel-none-elf/11.1.0/:/opt/psn00bsdk/bin/../lib/gcc/:/opt/psn00bsdk/bin/../lib/gcc/mipsel-none-elf/11.1.0/../../../../mipsel-none-elf/lib/
COLLECT_GCC_OPTIONS='-v' '-o' 'CMakeFiles/cmTC_e6861.dir/CMakeCXXCompilerABI.cpp.obj' '-c' '-msoft-float' '-dumpdir' 'CMakeFiles/cmTC_e6861.dir/CMakeCXXCompilerABI.cpp.'
[2/2] Linking CXX static library libcmTC_e6861.a



Parsed CXX implicit include dir info from above output: rv=done
  found start of include info
  found start of implicit include info
    add: [/opt/psn00bsdk/bin/../lib/gcc/mipsel-none-elf/11.1.0/include]
    add: [/opt/psn00bsdk/bin/../lib/gcc/mipsel-none-elf/11.1.0/include-fixed]
  end of search list found
  collapse include dir [/opt/psn00bsdk/bin/../lib/gcc/mipsel-none-elf/11.1.0/include] ==> [/opt/psn00bsdk/lib/gcc/mipsel-none-elf/11.1.0/include]
  collapse include dir [/opt/psn00bsdk/bin/../lib/gcc/mipsel-none-elf/11.1.0/include-fixed] ==> [/opt/psn00bsdk/lib/gcc/mipsel-none-elf/11.1.0/include-fixed]
  implicit include dirs: [/opt/psn00bsdk/lib/gcc/mipsel-none-elf/11.1.0/include;/opt/psn00bsdk/lib/gcc/mipsel-none-elf/11.1.0/include-fixed]


Parsed CXX implicit link information from above output:
  link line regex: [^( *|.*[/\])(mipsel-none-elf-ld|CMAKE_LINK_STARTFILE-NOTFOUND|([^/\]+-)?ld|collect2)[^/\]*( |$)]
  ignore line: [Change Dir: /home/hkk/Documents/c/ps1/template/build/CMakeFiles/CMakeTmp]
  ignore line: []
  ignore line: [Run Build Command(s):/usr/bin/ninja cmTC_e6861 && [1/2] Building CXX object CMakeFiles/cmTC_e6861.dir/CMakeCXXCompilerABI.cpp.obj]
  ignore line: [Using built-in specs.]
  ignore line: [COLLECT_GCC=/opt/psn00bsdk/bin/mipsel-none-elf-g++]
  ignore line: [Target: mipsel-none-elf]
  ignore line: [Configured with: ../gcc-11.1.0/configure --prefix=/home/runner/work/PSn00bSDK/PSn00bSDK/gcc/linux --target=mipsel-none-elf --disable-docs --disable-nls --disable-libada --disable-libssp --disable-libquadmath --disable-libstdc++-v3 --with-float=soft --enable-languages=c,c++ --with-gnu-as --with-gnu-ld]
  ignore line: [Thread model: single]
  ignore line: [Supported LTO compression algorithms: zlib]
  ignore line: [gcc version 11.1.0 (GCC) ]
  ignore line: [COLLECT_GCC_OPTIONS='-v' '-o' 'CMakeFiles/cmTC_e6861.dir/CMakeCXXCompilerABI.cpp.obj' '-c' '-msoft-float' '-dumpdir' 'CMakeFiles/cmTC_e6861.dir/']
  ignore line: [ /opt/psn00bsdk/bin/../libexec/gcc/mipsel-none-elf/11.1.0/cc1plus -quiet -v -imultilib soft-float -iprefix /opt/psn00bsdk/bin/../lib/gcc/mipsel-none-elf/11.1.0/ /usr/share/cmake/Modules/CMakeCXXCompilerABI.cpp -quiet -dumpdir CMakeFiles/cmTC_e6861.dir/ -dumpbase CMakeCXXCompilerABI.cpp.cpp -dumpbase-ext .cpp -msoft-float -version -o /tmp/ccX9OMiI.s]
  ignore line: [GNU C++17 (GCC) version 11.1.0 (mipsel-none-elf)]
  ignore line: [	compiled by GNU C version 9.3.0  GMP version 6.1.0  MPFR version 3.1.4  MPC version 1.0.3  isl version isl-0.18-GMP]
  ignore line: []
  ignore line: [GGC heuristics: --param ggc-min-expand=100 --param ggc-min-heapsize=131072]
  ignore line: [ignoring nonexistent directory "/opt/psn00bsdk/bin/../lib/gcc/mipsel-none-elf/11.1.0/../../../../mipsel-none-elf/include/c++/11.1.0"]
  ignore line: [ignoring nonexistent directory "/opt/psn00bsdk/bin/../lib/gcc/mipsel-none-elf/11.1.0/../../../../mipsel-none-elf/include/c++/11.1.0/mipsel-none-elf/soft-float"]
  ignore line: [ignoring nonexistent directory "/opt/psn00bsdk/bin/../lib/gcc/mipsel-none-elf/11.1.0/../../../../mipsel-none-elf/include/c++/11.1.0/backward"]
  ignore line: [ignoring nonexistent directory "/opt/psn00bsdk/bin/../lib/gcc/mipsel-none-elf/11.1.0/../../../../mipsel-none-elf/sys-include"]
  ignore line: [ignoring nonexistent directory "/opt/psn00bsdk/bin/../lib/gcc/mipsel-none-elf/11.1.0/../../../../mipsel-none-elf/include"]
  ignore line: [ignoring nonexistent directory "/opt/psn00bsdk/bin/../lib/gcc/../../lib/gcc/mipsel-none-elf/11.1.0/../../../../mipsel-none-elf/include/c++/11.1.0"]
  ignore line: [ignoring nonexistent directory "/opt/psn00bsdk/bin/../lib/gcc/../../lib/gcc/mipsel-none-elf/11.1.0/../../../../mipsel-none-elf/include/c++/11.1.0/mipsel-none-elf/soft-float"]
  ignore line: [ignoring nonexistent directory "/opt/psn00bsdk/bin/../lib/gcc/../../lib/gcc/mipsel-none-elf/11.1.0/../../../../mipsel-none-elf/include/c++/11.1.0/backward"]
  ignore line: [ignoring duplicate directory "/opt/psn00bsdk/bin/../lib/gcc/../../lib/gcc/mipsel-none-elf/11.1.0/include"]
  ignore line: [ignoring duplicate directory "/opt/psn00bsdk/bin/../lib/gcc/../../lib/gcc/mipsel-none-elf/11.1.0/include-fixed"]
  ignore line: [ignoring nonexistent directory "/opt/psn00bsdk/bin/../lib/gcc/../../lib/gcc/mipsel-none-elf/11.1.0/../../../../mipsel-none-elf/sys-include"]
  ignore line: [ignoring nonexistent directory "/opt/psn00bsdk/bin/../lib/gcc/../../lib/gcc/mipsel-none-elf/11.1.0/../../../../mipsel-none-elf/include"]
  ignore line: [#include "..." search starts here:]
  ignore line: [#include <...> search starts here:]
  ignore line: [ /opt/psn00bsdk/bin/../lib/gcc/mipsel-none-elf/11.1.0/include]
  ignore line: [ /opt/psn00bsdk/bin/../lib/gcc/mipsel-none-elf/11.1.0/include-fixed]
  ignore line: [End of search list.]
  ignore line: [GNU C++17 (GCC) version 11.1.0 (mipsel-none-elf)]
  ignore line: [	compiled by GNU C version 9.3.0  GMP version 6.1.0  MPFR version 3.1.4  MPC version 1.0.3  isl version isl-0.18-GMP]
  ignore line: []
  ignore line: [GGC heuristics: --param ggc-min-expand=100 --param ggc-min-heapsize=131072]
  ignore line: [Compiler executable checksum: 762a08d4ce9ec943d816892ececadc52]
  ignore line: [COLLECT_GCC_OPTIONS='-v' '-o' 'CMakeFiles/cmTC_e6861.dir/CMakeCXXCompilerABI.cpp.obj' '-c' '-msoft-float' '-dumpdir' 'CMakeFiles/cmTC_e6861.dir/']
  ignore line: [ /opt/psn00bsdk/bin/../lib/gcc/mipsel-none-elf/11.1.0/../../../../mipsel-none-elf/bin/as -v -EL -O1 -mabi=32 -msoft-float -o CMakeFiles/cmTC_e6861.dir/CMakeCXXCompilerABI.cpp.obj /tmp/ccX9OMiI.s]
  ignore line: [GNU assembler version 2.36 (mipsel-none-elf) using BFD version (GNU Binutils) 2.36]
  ignore line: [COMPILER_PATH=/opt/psn00bsdk/bin/../libexec/gcc/mipsel-none-elf/11.1.0/:/opt/psn00bsdk/bin/../libexec/gcc/:/opt/psn00bsdk/bin/../lib/gcc/mipsel-none-elf/11.1.0/../../../../mipsel-none-elf/bin/]
  ignore line: [LIBRARY_PATH=/opt/psn00bsdk/bin/../lib/gcc/mipsel-none-elf/11.1.0/soft-float/:/opt/psn00bsdk/bin/../lib/gcc/mipsel-none-elf/11.1.0/:/opt/psn00bsdk/bin/../lib/gcc/:/opt/psn00bsdk/bin/../lib/gcc/mipsel-none-elf/11.1.0/../../../../mipsel-none-elf/lib/]
  ignore line: [COLLECT_GCC_OPTIONS='-v' '-o' 'CMakeFiles/cmTC_e6861.dir/CMakeCXXCompilerABI.cpp.obj' '-c' '-msoft-float' '-dumpdir' 'CMakeFiles/cmTC_e6861.dir/CMakeCXXCompilerABI.cpp.']
  ignore line: [[2/2] Linking CXX static library libcmTC_e6861.a]
  ignore line: []
  ignore line: []
  implicit libs: []
  implicit objs: []
  implicit dirs: []
  implicit fwks: []


